<?xml version="1.0" encoding="UTF-8"?>
<!-- Generated by org.testng.reporters.JUnitReportReporter -->
<testsuite hostname="DESKTOP-O507CMC" failures="0" tests="1" name="com.shubham.projects.AppTest.SettingsTest" time="2.789" errors="0" timestamp="2024-01-10T20:12:00 IST" skipped="0">
  <testcase classname="com.shubham.projects.AppTest.SettingsTest" name="SettingsTitleCheck" time="2.789"/>
</testsuite> <!-- com.shubham.projects.AppTest.SettingsTest -->
