<?xml version="1.0" encoding="UTF-8"?>
<!-- Generated by org.testng.reporters.JUnitReportReporter -->
<testsuite hostname="DESKTOP-O507CMC" failures="0" tests="3" name="com.shubham.projects.AppTest.SettingsTest" time="27.720" errors="0" timestamp="2024-01-10T21:49:07 IST" skipped="0">
  <testcase classname="com.shubham.projects.AppTest.SettingsTest" name="SettingsTitleCheck" time="2.552"/>
  <testcase classname="com.shubham.projects.AppTest.SettingsTest" name="SearchTest" time="14.455"/>
  <testcase classname="com.shubham.projects.AppTest.SettingsTest" name="GoogleClickByScroll" time="10.713"/>
</testsuite> <!-- com.shubham.projects.AppTest.SettingsTest -->
